[2025-12-12T12:32:03.420+0000] {local_task_job_runner.py:120} INFO - ::group::Pre task execution logs
[2025-12-12T12:32:03.462+0000] {taskinstance.py:2076} INFO - Dependencies all met for dep_context=non-requeueable deps ti=<TaskInstance: mobility_pipeline.extract_incidents manual__2025-12-12T12:31:42.850399+00:00 [queued]>
[2025-12-12T12:32:03.478+0000] {taskinstance.py:2076} INFO - Dependencies all met for dep_context=requeueable deps ti=<TaskInstance: mobility_pipeline.extract_incidents manual__2025-12-12T12:31:42.850399+00:00 [queued]>
[2025-12-12T12:32:03.480+0000] {taskinstance.py:2306} INFO - Starting attempt 1 of 1
[2025-12-12T12:32:03.498+0000] {taskinstance.py:2330} INFO - Executing <Task(PythonOperator): extract_incidents> on 2025-12-12 12:31:42.850399+00:00
[2025-12-12T12:32:03.507+0000] {standard_task_runner.py:90} INFO - Running: ['***', 'tasks', 'run', 'mobility_pipeline', 'extract_incidents', 'manual__2025-12-12T12:31:42.850399+00:00', '--job-id', '42', '--raw', '--subdir', 'DAGS_FOLDER/mobility_pipeline_dag.py', '--cfg-path', '/tmp/tmpifp1fv93']
[2025-12-12T12:32:03.511+0000] {standard_task_runner.py:91} INFO - Job 42: Subtask extract_incidents
[2025-12-12T12:32:03.541+0000] {logging_mixin.py:188} WARNING - /home/***/.local/lib/python3.12/site-packages/***/task/task_runner/standard_task_runner.py:61 DeprecationWarning: This process (pid=494) is multi-threaded, use of fork() may lead to deadlocks in the child.
[2025-12-12T12:32:03.543+0000] {standard_task_runner.py:63} INFO - Started process 495 to run task
[2025-12-12T12:32:03.584+0000] {task_command.py:426} INFO - Running <TaskInstance: mobility_pipeline.extract_incidents manual__2025-12-12T12:31:42.850399+00:00 [running]> on host cf3c8a0617d2
[2025-12-12T12:32:03.698+0000] {taskinstance.py:2648} INFO - Exporting env vars: AIRFLOW_CTX_DAG_OWNER='***' AIRFLOW_CTX_DAG_ID='mobility_pipeline' AIRFLOW_CTX_TASK_ID='extract_incidents' AIRFLOW_CTX_EXECUTION_DATE='2025-12-12T12:31:42.850399+00:00' AIRFLOW_CTX_TRY_NUMBER='1' AIRFLOW_CTX_DAG_RUN_ID='manual__2025-12-12T12:31:42.850399+00:00'
[2025-12-12T12:32:03.701+0000] {taskinstance.py:430} INFO - ::endgroup::
[2025-12-12T12:32:03.754+0000] {base.py:84} INFO - Using connection ID '***_postgres' for task execution.
[2025-12-12T12:32:03.765+0000] {taskinstance.py:441} INFO - ::group::Post task execution logs
[2025-12-12T12:32:03.766+0000] {taskinstance.py:2905} ERROR - Task failed with exception
Traceback (most recent call last):
  File "/home/airflow/.local/lib/python3.12/site-packages/airflow/models/taskinstance.py", line 465, in _execute_task
    result = _execute_callable(context=context, **execute_callable_kwargs)
             ^^^^^^^^^^^^^^^^^^^^^^^^^^^^^^^^^^^^^^^^^^^^^^^^^^^^^^^^^^^^^
  File "/home/airflow/.local/lib/python3.12/site-packages/airflow/models/taskinstance.py", line 432, in _execute_callable
    return execute_callable(context=context, **execute_callable_kwargs)
           ^^^^^^^^^^^^^^^^^^^^^^^^^^^^^^^^^^^^^^^^^^^^^^^^^^^^^^^^^^^^
  File "/home/airflow/.local/lib/python3.12/site-packages/airflow/models/baseoperator.py", line 400, in wrapper
    return func(self, *args, **kwargs)
           ^^^^^^^^^^^^^^^^^^^^^^^^^^^
  File "/home/airflow/.local/lib/python3.12/site-packages/airflow/operators/python.py", line 235, in execute
    return_value = self.execute_callable()
                   ^^^^^^^^^^^^^^^^^^^^^^^
  File "/home/airflow/.local/lib/python3.12/site-packages/airflow/operators/python.py", line 252, in execute_callable
    return self.python_callable(*self.op_args, **self.op_kwargs)
           ^^^^^^^^^^^^^^^^^^^^^^^^^^^^^^^^^^^^^^^^^^^^^^^^^^^^^
  File "/opt/airflow/src/generate_incidents.py", line 43, in generate_incidents
    cur.execute(
psycopg2.errors.UndefinedColumn: column "type" of relation "incidents_raw" does not exist
LINE 3:               (incident_id, ts, zone, type, severity, descri...
                                              ^

[2025-12-12T12:32:03.786+0000] {taskinstance.py:1206} INFO - Marking task as FAILED. dag_id=***_pipeline, task_id=extract_incidents, run_id=manual__2025-12-12T12:31:42.850399+00:00, execution_date=20251212T123142, start_date=20251212T123203, end_date=20251212T123203
[2025-12-12T12:32:03.803+0000] {standard_task_runner.py:110} ERROR - Failed to execute job 42 for task extract_incidents (column "type" of relation "incidents_raw" does not exist
LINE 3:               (incident_id, ts, zone, type, severity, descri...
                                              ^
; 495)
[2025-12-12T12:32:03.843+0000] {local_task_job_runner.py:240} INFO - Task exited with return code 1
[2025-12-12T12:32:03.887+0000] {taskinstance.py:3498} INFO - 0 downstream tasks scheduled from follow-on schedule check
[2025-12-12T12:32:03.895+0000] {local_task_job_runner.py:222} INFO - ::endgroup::
