[2025-12-12T13:56:32.834+0000] {local_task_job_runner.py:120} INFO - ::group::Pre task execution logs
[2025-12-12T13:56:32.883+0000] {taskinstance.py:2076} INFO - Dependencies all met for dep_context=non-requeueable deps ti=<TaskInstance: mobility_pipeline.extract_trips manual__2025-12-12T12:56:15.015198+00:00 [queued]>
[2025-12-12T13:56:32.900+0000] {taskinstance.py:2076} INFO - Dependencies all met for dep_context=requeueable deps ti=<TaskInstance: mobility_pipeline.extract_trips manual__2025-12-12T12:56:15.015198+00:00 [queued]>
[2025-12-12T13:56:32.901+0000] {taskinstance.py:2306} INFO - Starting attempt 1 of 1
[2025-12-12T13:56:32.921+0000] {taskinstance.py:2330} INFO - Executing <Task(PythonOperator): extract_trips> on 2025-12-12 12:56:15.015198+00:00
[2025-12-12T13:56:32.933+0000] {standard_task_runner.py:90} INFO - Running: ['***', 'tasks', 'run', 'mobility_pipeline', 'extract_trips', 'manual__2025-12-12T12:56:15.015198+00:00', '--job-id', '58', '--raw', '--subdir', 'DAGS_FOLDER/mobility_pipeline_dag.py', '--cfg-path', '/tmp/tmptth1iu7q']
[2025-12-12T13:56:32.938+0000] {standard_task_runner.py:91} INFO - Job 58: Subtask extract_trips
[2025-12-12T13:56:32.938+0000] {logging_mixin.py:188} WARNING - /home/***/.local/lib/python3.12/site-packages/***/task/task_runner/standard_task_runner.py:61 DeprecationWarning: This process (pid=186) is multi-threaded, use of fork() may lead to deadlocks in the child.
[2025-12-12T13:56:32.939+0000] {standard_task_runner.py:63} INFO - Started process 187 to run task
[2025-12-12T13:56:33.385+0000] {task_command.py:426} INFO - Running <TaskInstance: mobility_pipeline.extract_trips manual__2025-12-12T12:56:15.015198+00:00 [running]> on host cf3c8a0617d2
[2025-12-12T13:56:33.568+0000] {taskinstance.py:2648} INFO - Exporting env vars: AIRFLOW_CTX_DAG_OWNER='***' AIRFLOW_CTX_DAG_ID='mobility_pipeline' AIRFLOW_CTX_TASK_ID='extract_trips' AIRFLOW_CTX_EXECUTION_DATE='2025-12-12T12:56:15.015198+00:00' AIRFLOW_CTX_TRY_NUMBER='1' AIRFLOW_CTX_DAG_RUN_ID='manual__2025-12-12T12:56:15.015198+00:00'
[2025-12-12T13:56:33.570+0000] {taskinstance.py:430} INFO - ::endgroup::
[2025-12-12T13:56:33.625+0000] {base.py:84} INFO - Using connection ID '***_postgres' for task execution.
[2025-12-12T13:56:33.631+0000] {logging_mixin.py:188} INFO - Generando datos para trips_raw...
[2025-12-12T13:56:33.806+0000] {logging_mixin.py:188} INFO - Datos insertados en trips_raw.
[2025-12-12T13:56:33.807+0000] {python.py:237} INFO - Done. Returned value was: None
[2025-12-12T13:56:33.808+0000] {taskinstance.py:441} INFO - ::group::Post task execution logs
[2025-12-12T13:56:33.826+0000] {taskinstance.py:1206} INFO - Marking task as SUCCESS. dag_id=***_pipeline, task_id=extract_trips, run_id=manual__2025-12-12T12:56:15.015198+00:00, execution_date=20251212T125615, start_date=20251212T135632, end_date=20251212T135633
[2025-12-12T13:56:33.878+0000] {local_task_job_runner.py:240} INFO - Task exited with return code 0
[2025-12-12T13:56:33.917+0000] {taskinstance.py:3498} INFO - 1 downstream tasks scheduled from follow-on schedule check
[2025-12-12T13:56:33.919+0000] {local_task_job_runner.py:222} INFO - ::endgroup::
