[2025-12-11T12:57:48.750+0000] {local_task_job_runner.py:120} INFO - ::group::Pre task execution logs
[2025-12-11T12:57:48.789+0000] {taskinstance.py:2076} INFO - Dependencies all met for dep_context=non-requeueable deps ti=<TaskInstance: mobility_pipeline.extract_weather manual__2025-12-11T12:57:40.257620+00:00 [queued]>
[2025-12-11T12:57:48.802+0000] {taskinstance.py:2076} INFO - Dependencies all met for dep_context=requeueable deps ti=<TaskInstance: mobility_pipeline.extract_weather manual__2025-12-11T12:57:40.257620+00:00 [queued]>
[2025-12-11T12:57:48.804+0000] {taskinstance.py:2306} INFO - Starting attempt 1 of 1
[2025-12-11T12:57:48.822+0000] {taskinstance.py:2330} INFO - Executing <Task(PythonOperator): extract_weather> on 2025-12-11 12:57:40.257620+00:00
[2025-12-11T12:57:48.863+0000] {standard_task_runner.py:90} INFO - Running: ['***', 'tasks', 'run', 'mobility_pipeline', 'extract_weather', 'manual__2025-12-11T12:57:40.257620+00:00', '--job-id', '34', '--raw', '--subdir', 'DAGS_FOLDER/mobility_pipeline_dag.py', '--cfg-path', '/tmp/tmpwxa7kudz']
[2025-12-11T12:57:48.867+0000] {standard_task_runner.py:91} INFO - Job 34: Subtask extract_weather
[2025-12-11T12:57:48.868+0000] {logging_mixin.py:188} WARNING - /home/***/.local/lib/python3.12/site-packages/***/task/task_runner/standard_task_runner.py:61 DeprecationWarning: This process (pid=1001) is multi-threaded, use of fork() may lead to deadlocks in the child.
[2025-12-11T12:57:48.869+0000] {standard_task_runner.py:63} INFO - Started process 1002 to run task
[2025-12-11T12:57:48.961+0000] {task_command.py:426} INFO - Running <TaskInstance: mobility_pipeline.extract_weather manual__2025-12-11T12:57:40.257620+00:00 [running]> on host 7002867047c1
[2025-12-11T12:57:49.065+0000] {taskinstance.py:2648} INFO - Exporting env vars: AIRFLOW_CTX_DAG_OWNER='***' AIRFLOW_CTX_DAG_ID='mobility_pipeline' AIRFLOW_CTX_TASK_ID='extract_weather' AIRFLOW_CTX_EXECUTION_DATE='2025-12-11T12:57:40.257620+00:00' AIRFLOW_CTX_TRY_NUMBER='1' AIRFLOW_CTX_DAG_RUN_ID='manual__2025-12-11T12:57:40.257620+00:00'
[2025-12-11T12:57:49.067+0000] {taskinstance.py:430} INFO - ::endgroup::
[2025-12-11T12:57:49.083+0000] {logging_mixin.py:188} INFO - Llamando a API de Open-Meteo: https://api.open-meteo.com/v1/forecast?latitude=43.26&longitude=-2.93&hourly=temperature_2m,precipitation,wind_speed_10m&timezone=auto
[2025-12-11T12:57:49.607+0000] {base.py:84} INFO - Using connection ID '***_postgres' for task execution.
[2025-12-11T12:57:49.615+0000] {logging_mixin.py:188} INFO - Insertando datos en weather_raw...
[2025-12-11T12:57:49.652+0000] {taskinstance.py:441} INFO - ::group::Post task execution logs
[2025-12-11T12:57:49.654+0000] {taskinstance.py:2905} ERROR - Task failed with exception
Traceback (most recent call last):
  File "/home/airflow/.local/lib/python3.12/site-packages/airflow/models/taskinstance.py", line 465, in _execute_task
    result = _execute_callable(context=context, **execute_callable_kwargs)
             ^^^^^^^^^^^^^^^^^^^^^^^^^^^^^^^^^^^^^^^^^^^^^^^^^^^^^^^^^^^^^
  File "/home/airflow/.local/lib/python3.12/site-packages/airflow/models/taskinstance.py", line 432, in _execute_callable
    return execute_callable(context=context, **execute_callable_kwargs)
           ^^^^^^^^^^^^^^^^^^^^^^^^^^^^^^^^^^^^^^^^^^^^^^^^^^^^^^^^^^^^
  File "/home/airflow/.local/lib/python3.12/site-packages/airflow/models/baseoperator.py", line 400, in wrapper
    return func(self, *args, **kwargs)
           ^^^^^^^^^^^^^^^^^^^^^^^^^^^
  File "/home/airflow/.local/lib/python3.12/site-packages/airflow/operators/python.py", line 235, in execute
    return_value = self.execute_callable()
                   ^^^^^^^^^^^^^^^^^^^^^^^
  File "/home/airflow/.local/lib/python3.12/site-packages/airflow/operators/python.py", line 252, in execute_callable
    return self.python_callable(*self.op_args, **self.op_kwargs)
           ^^^^^^^^^^^^^^^^^^^^^^^^^^^^^^^^^^^^^^^^^^^^^^^^^^^^^
  File "/opt/airflow/src/generate_weather.py", line 55, in generate_weather
    cur.execute(
psycopg2.errors.UndefinedColumn: column "weather_date" of relation "weather_raw" does not exist
LINE 3:                 weather_date,
                        ^

[2025-12-11T12:57:49.684+0000] {taskinstance.py:1206} INFO - Marking task as FAILED. dag_id=***_pipeline, task_id=extract_weather, run_id=manual__2025-12-11T12:57:40.257620+00:00, execution_date=20251211T125740, start_date=20251211T125748, end_date=20251211T125749
[2025-12-11T12:57:49.702+0000] {standard_task_runner.py:110} ERROR - Failed to execute job 34 for task extract_weather (column "weather_date" of relation "weather_raw" does not exist
LINE 3:                 weather_date,
                        ^
; 1002)
[2025-12-11T12:57:49.720+0000] {local_task_job_runner.py:240} INFO - Task exited with return code 1
[2025-12-11T12:57:49.747+0000] {taskinstance.py:3498} INFO - 0 downstream tasks scheduled from follow-on schedule check
[2025-12-11T12:57:49.754+0000] {local_task_job_runner.py:222} INFO - ::endgroup::
