[2025-12-12T12:43:38.893+0000] {local_task_job_runner.py:120} INFO - ::group::Pre task execution logs
[2025-12-12T12:43:39.036+0000] {taskinstance.py:2076} INFO - Dependencies all met for dep_context=non-requeueable deps ti=<TaskInstance: mobility_pipeline.extract_traffic manual__2025-12-12T12:31:42.850399+00:00 [queued]>
[2025-12-12T12:43:39.088+0000] {taskinstance.py:2076} INFO - Dependencies all met for dep_context=requeueable deps ti=<TaskInstance: mobility_pipeline.extract_traffic manual__2025-12-12T12:31:42.850399+00:00 [queued]>
[2025-12-12T12:43:39.092+0000] {taskinstance.py:2306} INFO - Starting attempt 2 of 2
[2025-12-12T12:43:39.155+0000] {taskinstance.py:2330} INFO - Executing <Task(PythonOperator): extract_traffic> on 2025-12-12 12:31:42.850399+00:00
[2025-12-12T12:43:39.174+0000] {standard_task_runner.py:90} INFO - Running: ['***', 'tasks', 'run', 'mobility_pipeline', 'extract_traffic', 'manual__2025-12-12T12:31:42.850399+00:00', '--job-id', '46', '--raw', '--subdir', 'DAGS_FOLDER/mobility_pipeline_dag.py', '--cfg-path', '/tmp/tmpv79yg3nl']
[2025-12-12T12:43:39.191+0000] {standard_task_runner.py:91} INFO - Job 46: Subtask extract_traffic
[2025-12-12T12:43:39.374+0000] {task_command.py:426} INFO - Running <TaskInstance: mobility_pipeline.extract_traffic manual__2025-12-12T12:31:42.850399+00:00 [running]> on host cf3c8a0617d2
[2025-12-12T12:43:39.382+0000] {logging_mixin.py:188} WARNING - /home/***/.local/lib/python3.12/site-packages/***/task/task_runner/standard_task_runner.py:61 DeprecationWarning: This process (pid=602) is multi-threaded, use of fork() may lead to deadlocks in the child.
[2025-12-12T12:43:39.385+0000] {standard_task_runner.py:63} INFO - Started process 603 to run task
[2025-12-12T12:43:39.626+0000] {taskinstance.py:2648} INFO - Exporting env vars: AIRFLOW_CTX_DAG_OWNER='***' AIRFLOW_CTX_DAG_ID='mobility_pipeline' AIRFLOW_CTX_TASK_ID='extract_traffic' AIRFLOW_CTX_EXECUTION_DATE='2025-12-12T12:31:42.850399+00:00' AIRFLOW_CTX_TRY_NUMBER='2' AIRFLOW_CTX_DAG_RUN_ID='manual__2025-12-12T12:31:42.850399+00:00'
[2025-12-12T12:43:39.628+0000] {taskinstance.py:430} INFO - ::endgroup::
[2025-12-12T12:43:39.700+0000] {base.py:84} INFO - Using connection ID '***_postgres' for task execution.
[2025-12-12T12:43:39.708+0000] {logging_mixin.py:188} INFO - Generando datos para traffic_counts_raw...
[2025-12-12T12:43:39.772+0000] {logging_mixin.py:188} INFO - Datos insertados en traffic_counts_raw.
[2025-12-12T12:43:39.788+0000] {python.py:237} INFO - Done. Returned value was: None
[2025-12-12T12:43:39.830+0000] {taskinstance.py:441} INFO - ::group::Post task execution logs
[2025-12-12T12:43:39.850+0000] {taskinstance.py:1206} INFO - Marking task as SUCCESS. dag_id=***_pipeline, task_id=extract_traffic, run_id=manual__2025-12-12T12:31:42.850399+00:00, execution_date=20251212T123142, start_date=20251212T124339, end_date=20251212T124339
[2025-12-12T12:43:39.892+0000] {local_task_job_runner.py:240} INFO - Task exited with return code 0
[2025-12-12T12:43:39.928+0000] {taskinstance.py:3498} INFO - 1 downstream tasks scheduled from follow-on schedule check
[2025-12-12T12:43:39.931+0000] {local_task_job_runner.py:222} INFO - ::endgroup::
