[2025-12-12T14:18:41.148+0000] {local_task_job_runner.py:120} INFO - ::group::Pre task execution logs
[2025-12-12T14:18:41.190+0000] {taskinstance.py:2076} INFO - Dependencies all met for dep_context=non-requeueable deps ti=<TaskInstance: mobility_pipeline.extract_traffic manual__2025-12-12T14:18:32.620552+00:00 [queued]>
[2025-12-12T14:18:41.201+0000] {taskinstance.py:2076} INFO - Dependencies all met for dep_context=requeueable deps ti=<TaskInstance: mobility_pipeline.extract_traffic manual__2025-12-12T14:18:32.620552+00:00 [queued]>
[2025-12-12T14:18:41.203+0000] {taskinstance.py:2306} INFO - Starting attempt 1 of 1
[2025-12-12T14:18:41.224+0000] {taskinstance.py:2330} INFO - Executing <Task(PythonOperator): extract_traffic> on 2025-12-12 14:18:32.620552+00:00
[2025-12-12T14:18:41.234+0000] {standard_task_runner.py:90} INFO - Running: ['***', 'tasks', 'run', 'mobility_pipeline', 'extract_traffic', 'manual__2025-12-12T14:18:32.620552+00:00', '--job-id', '73', '--raw', '--subdir', 'DAGS_FOLDER/mobility_pipeline_dag.py', '--cfg-path', '/tmp/tmpuxjxvk9s']
[2025-12-12T14:18:41.237+0000] {standard_task_runner.py:91} INFO - Job 73: Subtask extract_traffic
[2025-12-12T14:18:41.237+0000] {logging_mixin.py:188} WARNING - /home/***/.local/lib/python3.12/site-packages/***/task/task_runner/standard_task_runner.py:61 DeprecationWarning: This process (pid=242) is multi-threaded, use of fork() may lead to deadlocks in the child.
[2025-12-12T14:18:41.238+0000] {standard_task_runner.py:63} INFO - Started process 243 to run task
[2025-12-12T14:18:41.404+0000] {task_command.py:426} INFO - Running <TaskInstance: mobility_pipeline.extract_traffic manual__2025-12-12T14:18:32.620552+00:00 [running]> on host cf3c8a0617d2
[2025-12-12T14:18:41.523+0000] {taskinstance.py:2648} INFO - Exporting env vars: AIRFLOW_CTX_DAG_OWNER='***' AIRFLOW_CTX_DAG_ID='mobility_pipeline' AIRFLOW_CTX_TASK_ID='extract_traffic' AIRFLOW_CTX_EXECUTION_DATE='2025-12-12T14:18:32.620552+00:00' AIRFLOW_CTX_TRY_NUMBER='1' AIRFLOW_CTX_DAG_RUN_ID='manual__2025-12-12T14:18:32.620552+00:00'
[2025-12-12T14:18:41.524+0000] {taskinstance.py:430} INFO - ::endgroup::
[2025-12-12T14:18:41.567+0000] {base.py:84} INFO - Using connection ID '***_postgres' for task execution.
[2025-12-12T14:18:41.574+0000] {logging_mixin.py:188} INFO - Generando datos para traffic_counts_raw...
[2025-12-12T14:18:41.598+0000] {logging_mixin.py:188} INFO - Datos insertados en traffic_counts_raw.
[2025-12-12T14:18:41.599+0000] {python.py:237} INFO - Done. Returned value was: None
[2025-12-12T14:18:41.601+0000] {taskinstance.py:441} INFO - ::group::Post task execution logs
[2025-12-12T14:18:41.612+0000] {taskinstance.py:1206} INFO - Marking task as SUCCESS. dag_id=***_pipeline, task_id=extract_traffic, run_id=manual__2025-12-12T14:18:32.620552+00:00, execution_date=20251212T141832, start_date=20251212T141841, end_date=20251212T141841
[2025-12-12T14:18:41.667+0000] {local_task_job_runner.py:240} INFO - Task exited with return code 0
[2025-12-12T14:18:41.700+0000] {taskinstance.py:3498} INFO - 1 downstream tasks scheduled from follow-on schedule check
[2025-12-12T14:18:41.703+0000] {local_task_job_runner.py:222} INFO - ::endgroup::
