[2025-12-12T14:13:42.313+0000] {local_task_job_runner.py:120} INFO - ::group::Pre task execution logs
[2025-12-12T14:13:42.404+0000] {taskinstance.py:2076} INFO - Dependencies all met for dep_context=non-requeueable deps ti=<TaskInstance: mobility_pipeline.extract_incidents manual__2025-12-12T13:56:37.990431+00:00 [queued]>
[2025-12-12T14:13:42.418+0000] {taskinstance.py:2076} INFO - Dependencies all met for dep_context=requeueable deps ti=<TaskInstance: mobility_pipeline.extract_incidents manual__2025-12-12T13:56:37.990431+00:00 [queued]>
[2025-12-12T14:13:42.419+0000] {taskinstance.py:2306} INFO - Starting attempt 3 of 3
[2025-12-12T14:13:42.439+0000] {taskinstance.py:2330} INFO - Executing <Task(PythonOperator): extract_incidents> on 2025-12-12 13:56:37.990431+00:00
[2025-12-12T14:13:42.471+0000] {standard_task_runner.py:90} INFO - Running: ['***', 'tasks', 'run', 'mobility_pipeline', 'extract_incidents', 'manual__2025-12-12T13:56:37.990431+00:00', '--job-id', '69', '--raw', '--subdir', 'DAGS_FOLDER/mobility_pipeline_dag.py', '--cfg-path', '/tmp/tmpys_nn03r']
[2025-12-12T14:13:42.477+0000] {standard_task_runner.py:91} INFO - Job 69: Subtask extract_incidents
[2025-12-12T14:13:42.478+0000] {logging_mixin.py:188} WARNING - /home/***/.local/lib/python3.12/site-packages/***/task/task_runner/standard_task_runner.py:61 DeprecationWarning: This process (pid=184) is multi-threaded, use of fork() may lead to deadlocks in the child.
[2025-12-12T14:13:42.479+0000] {standard_task_runner.py:63} INFO - Started process 185 to run task
[2025-12-12T14:13:42.677+0000] {task_command.py:426} INFO - Running <TaskInstance: mobility_pipeline.extract_incidents manual__2025-12-12T13:56:37.990431+00:00 [running]> on host cf3c8a0617d2
[2025-12-12T14:13:42.800+0000] {taskinstance.py:2648} INFO - Exporting env vars: AIRFLOW_CTX_DAG_OWNER='***' AIRFLOW_CTX_DAG_ID='mobility_pipeline' AIRFLOW_CTX_TASK_ID='extract_incidents' AIRFLOW_CTX_EXECUTION_DATE='2025-12-12T13:56:37.990431+00:00' AIRFLOW_CTX_TRY_NUMBER='3' AIRFLOW_CTX_DAG_RUN_ID='manual__2025-12-12T13:56:37.990431+00:00'
[2025-12-12T14:13:42.802+0000] {taskinstance.py:430} INFO - ::endgroup::
[2025-12-12T14:13:42.867+0000] {base.py:84} INFO - Using connection ID '***_postgres' for task execution.
[2025-12-12T14:13:42.960+0000] {logging_mixin.py:188} INFO - OK: Insertadas 3 incidencias desde XML.
[2025-12-12T14:13:42.961+0000] {python.py:237} INFO - Done. Returned value was: None
[2025-12-12T14:13:42.962+0000] {taskinstance.py:441} INFO - ::group::Post task execution logs
[2025-12-12T14:13:42.973+0000] {taskinstance.py:1206} INFO - Marking task as SUCCESS. dag_id=***_pipeline, task_id=extract_incidents, run_id=manual__2025-12-12T13:56:37.990431+00:00, execution_date=20251212T135637, start_date=20251212T141342, end_date=20251212T141342
[2025-12-12T14:13:43.020+0000] {local_task_job_runner.py:240} INFO - Task exited with return code 0
[2025-12-12T14:13:43.046+0000] {taskinstance.py:3498} INFO - 1 downstream tasks scheduled from follow-on schedule check
[2025-12-12T14:13:43.050+0000] {local_task_job_runner.py:222} INFO - ::endgroup::
