[2025-12-11T12:32:07.906+0000] {local_task_job_runner.py:120} INFO - ::group::Pre task execution logs
[2025-12-11T12:32:07.947+0000] {taskinstance.py:2076} INFO - Dependencies all met for dep_context=non-requeueable deps ti=<TaskInstance: mobility_pipeline.extract_traffic manual__2025-12-11T12:31:42.237277+00:00 [queued]>
[2025-12-11T12:32:07.960+0000] {taskinstance.py:2076} INFO - Dependencies all met for dep_context=requeueable deps ti=<TaskInstance: mobility_pipeline.extract_traffic manual__2025-12-11T12:31:42.237277+00:00 [queued]>
[2025-12-11T12:32:07.962+0000] {taskinstance.py:2306} INFO - Starting attempt 1 of 1
[2025-12-11T12:32:07.978+0000] {taskinstance.py:2330} INFO - Executing <Task(PythonOperator): extract_traffic> on 2025-12-11 12:31:42.237277+00:00
[2025-12-11T12:32:07.988+0000] {standard_task_runner.py:90} INFO - Running: ['***', 'tasks', 'run', 'mobility_pipeline', 'extract_traffic', 'manual__2025-12-11T12:31:42.237277+00:00', '--job-id', '25', '--raw', '--subdir', 'DAGS_FOLDER/mobility_pipeline_dag.py', '--cfg-path', '/tmp/tmpnwlbofrc']
[2025-12-11T12:32:07.992+0000] {standard_task_runner.py:91} INFO - Job 25: Subtask extract_traffic
[2025-12-11T12:32:07.992+0000] {logging_mixin.py:188} WARNING - /home/***/.local/lib/python3.12/site-packages/***/task/task_runner/standard_task_runner.py:61 DeprecationWarning: This process (pid=723) is multi-threaded, use of fork() may lead to deadlocks in the child.
[2025-12-11T12:32:07.993+0000] {standard_task_runner.py:63} INFO - Started process 724 to run task
[2025-12-11T12:32:08.082+0000] {task_command.py:426} INFO - Running <TaskInstance: mobility_pipeline.extract_traffic manual__2025-12-11T12:31:42.237277+00:00 [running]> on host 7002867047c1
[2025-12-11T12:32:08.191+0000] {taskinstance.py:2648} INFO - Exporting env vars: AIRFLOW_CTX_DAG_OWNER='***' AIRFLOW_CTX_DAG_ID='mobility_pipeline' AIRFLOW_CTX_TASK_ID='extract_traffic' AIRFLOW_CTX_EXECUTION_DATE='2025-12-11T12:31:42.237277+00:00' AIRFLOW_CTX_TRY_NUMBER='1' AIRFLOW_CTX_DAG_RUN_ID='manual__2025-12-11T12:31:42.237277+00:00'
[2025-12-11T12:32:08.194+0000] {taskinstance.py:430} INFO - ::endgroup::
[2025-12-11T12:32:08.237+0000] {base.py:84} INFO - Using connection ID '***_postgres' for task execution.
[2025-12-11T12:32:08.243+0000] {logging_mixin.py:188} INFO - Generando datos para traffic_counts_raw...
[2025-12-11T12:32:08.363+0000] {logging_mixin.py:188} INFO - Datos insertados en traffic_counts_raw.
[2025-12-11T12:32:08.364+0000] {python.py:237} INFO - Done. Returned value was: None
[2025-12-11T12:32:08.365+0000] {taskinstance.py:441} INFO - ::group::Post task execution logs
[2025-12-11T12:32:08.380+0000] {taskinstance.py:1206} INFO - Marking task as SUCCESS. dag_id=***_pipeline, task_id=extract_traffic, run_id=manual__2025-12-11T12:31:42.237277+00:00, execution_date=20251211T123142, start_date=20251211T123207, end_date=20251211T123208
[2025-12-11T12:32:08.419+0000] {local_task_job_runner.py:240} INFO - Task exited with return code 0
[2025-12-11T12:32:08.473+0000] {local_task_job_runner.py:222} INFO - ::endgroup::
