[2025-12-12T12:17:29.287+0000] {local_task_job_runner.py:120} INFO - ::group::Pre task execution logs
[2025-12-12T12:17:29.536+0000] {taskinstance.py:2076} INFO - Dependencies all met for dep_context=non-requeueable deps ti=<TaskInstance: mobility_pipeline.extract_incidents manual__2025-12-12T12:09:25.972459+00:00 [queued]>
[2025-12-12T12:17:29.562+0000] {taskinstance.py:2076} INFO - Dependencies all met for dep_context=requeueable deps ti=<TaskInstance: mobility_pipeline.extract_incidents manual__2025-12-12T12:09:25.972459+00:00 [queued]>
[2025-12-12T12:17:29.563+0000] {taskinstance.py:2306} INFO - Starting attempt 2 of 2
[2025-12-12T12:17:29.731+0000] {taskinstance.py:2330} INFO - Executing <Task(PythonOperator): extract_incidents> on 2025-12-12 12:09:25.972459+00:00
[2025-12-12T12:17:29.865+0000] {standard_task_runner.py:90} INFO - Running: ['***', 'tasks', 'run', 'mobility_pipeline', 'extract_incidents', 'manual__2025-12-12T12:09:25.972459+00:00', '--job-id', '20', '--raw', '--subdir', 'DAGS_FOLDER/mobility_pipeline_dag.py', '--cfg-path', '/tmp/tmpqcds9ju7']
[2025-12-12T12:17:30.045+0000] {standard_task_runner.py:91} INFO - Job 20: Subtask extract_incidents
[2025-12-12T12:17:30.095+0000] {logging_mixin.py:188} WARNING - /home/***/.local/lib/python3.12/site-packages/***/task/task_runner/standard_task_runner.py:61 DeprecationWarning: This process (pid=310) is multi-threaded, use of fork() may lead to deadlocks in the child.
[2025-12-12T12:17:30.096+0000] {standard_task_runner.py:63} INFO - Started process 311 to run task
[2025-12-12T12:17:31.189+0000] {task_command.py:426} INFO - Running <TaskInstance: mobility_pipeline.extract_incidents manual__2025-12-12T12:09:25.972459+00:00 [running]> on host cf3c8a0617d2
[2025-12-12T12:17:32.253+0000] {taskinstance.py:2648} INFO - Exporting env vars: AIRFLOW_CTX_DAG_OWNER='***' AIRFLOW_CTX_DAG_ID='mobility_pipeline' AIRFLOW_CTX_TASK_ID='extract_incidents' AIRFLOW_CTX_EXECUTION_DATE='2025-12-12T12:09:25.972459+00:00' AIRFLOW_CTX_TRY_NUMBER='2' AIRFLOW_CTX_DAG_RUN_ID='manual__2025-12-12T12:09:25.972459+00:00'
[2025-12-12T12:17:32.269+0000] {taskinstance.py:430} INFO - ::endgroup::
[2025-12-12T12:17:33.261+0000] {base.py:84} INFO - Using connection ID '***_postgres' for task execution.
[2025-12-12T12:17:33.323+0000] {taskinstance.py:441} INFO - ::group::Post task execution logs
[2025-12-12T12:17:33.351+0000] {taskinstance.py:2905} ERROR - Task failed with exception
Traceback (most recent call last):
  File "/home/airflow/.local/lib/python3.12/site-packages/airflow/models/taskinstance.py", line 465, in _execute_task
    result = _execute_callable(context=context, **execute_callable_kwargs)
             ^^^^^^^^^^^^^^^^^^^^^^^^^^^^^^^^^^^^^^^^^^^^^^^^^^^^^^^^^^^^^
  File "/home/airflow/.local/lib/python3.12/site-packages/airflow/models/taskinstance.py", line 432, in _execute_callable
    return execute_callable(context=context, **execute_callable_kwargs)
           ^^^^^^^^^^^^^^^^^^^^^^^^^^^^^^^^^^^^^^^^^^^^^^^^^^^^^^^^^^^^
  File "/home/airflow/.local/lib/python3.12/site-packages/airflow/models/baseoperator.py", line 400, in wrapper
    return func(self, *args, **kwargs)
           ^^^^^^^^^^^^^^^^^^^^^^^^^^^
  File "/home/airflow/.local/lib/python3.12/site-packages/airflow/operators/python.py", line 235, in execute
    return_value = self.execute_callable()
                   ^^^^^^^^^^^^^^^^^^^^^^^
  File "/home/airflow/.local/lib/python3.12/site-packages/airflow/operators/python.py", line 252, in execute_callable
    return self.python_callable(*self.op_args, **self.op_kwargs)
           ^^^^^^^^^^^^^^^^^^^^^^^^^^^^^^^^^^^^^^^^^^^^^^^^^^^^^
  File "/opt/airflow/src/generate_incidents.py", line 43, in generate_incidents
    cur.execute(
psycopg2.errors.UndefinedColumn: column "ts" of relation "incidents_raw" does not exist
LINE 3:               (incident_id, ts, zone, type, severity, descri...
                                    ^

[2025-12-12T12:17:33.448+0000] {taskinstance.py:1206} INFO - Marking task as FAILED. dag_id=***_pipeline, task_id=extract_incidents, run_id=manual__2025-12-12T12:09:25.972459+00:00, execution_date=20251212T120925, start_date=20251212T121729, end_date=20251212T121733
[2025-12-12T12:17:33.470+0000] {standard_task_runner.py:110} ERROR - Failed to execute job 20 for task extract_incidents (column "ts" of relation "incidents_raw" does not exist
LINE 3:               (incident_id, ts, zone, type, severity, descri...
                                    ^
; 311)
[2025-12-12T12:17:33.505+0000] {local_task_job_runner.py:240} INFO - Task exited with return code 1
[2025-12-12T12:17:33.576+0000] {taskinstance.py:3498} INFO - 0 downstream tasks scheduled from follow-on schedule check
[2025-12-12T12:17:33.582+0000] {local_task_job_runner.py:222} INFO - ::endgroup::
