[2025-12-12T12:25:54.093+0000] {local_task_job_runner.py:120} INFO - ::group::Pre task execution logs
[2025-12-12T12:25:54.134+0000] {taskinstance.py:2076} INFO - Dependencies all met for dep_context=non-requeueable deps ti=<TaskInstance: mobility_pipeline.extract_trips manual__2025-12-12T12:25:26.884977+00:00 [queued]>
[2025-12-12T12:25:54.147+0000] {taskinstance.py:2076} INFO - Dependencies all met for dep_context=requeueable deps ti=<TaskInstance: mobility_pipeline.extract_trips manual__2025-12-12T12:25:26.884977+00:00 [queued]>
[2025-12-12T12:25:54.149+0000] {taskinstance.py:2306} INFO - Starting attempt 1 of 1
[2025-12-12T12:25:54.168+0000] {taskinstance.py:2330} INFO - Executing <Task(PythonOperator): extract_trips> on 2025-12-12 12:25:26.884977+00:00
[2025-12-12T12:25:54.179+0000] {standard_task_runner.py:90} INFO - Running: ['***', 'tasks', 'run', 'mobility_pipeline', 'extract_trips', 'manual__2025-12-12T12:25:26.884977+00:00', '--job-id', '28', '--raw', '--subdir', 'DAGS_FOLDER/mobility_pipeline_dag.py', '--cfg-path', '/tmp/tmpm5kgcm6f']
[2025-12-12T12:25:54.183+0000] {standard_task_runner.py:91} INFO - Job 28: Subtask extract_trips
[2025-12-12T12:25:54.184+0000] {logging_mixin.py:188} WARNING - /home/***/.local/lib/python3.12/site-packages/***/task/task_runner/standard_task_runner.py:61 DeprecationWarning: This process (pid=406) is multi-threaded, use of fork() may lead to deadlocks in the child.
[2025-12-12T12:25:54.185+0000] {standard_task_runner.py:63} INFO - Started process 407 to run task
[2025-12-12T12:25:54.281+0000] {task_command.py:426} INFO - Running <TaskInstance: mobility_pipeline.extract_trips manual__2025-12-12T12:25:26.884977+00:00 [running]> on host cf3c8a0617d2
[2025-12-12T12:25:54.395+0000] {taskinstance.py:2648} INFO - Exporting env vars: AIRFLOW_CTX_DAG_OWNER='***' AIRFLOW_CTX_DAG_ID='mobility_pipeline' AIRFLOW_CTX_TASK_ID='extract_trips' AIRFLOW_CTX_EXECUTION_DATE='2025-12-12T12:25:26.884977+00:00' AIRFLOW_CTX_TRY_NUMBER='1' AIRFLOW_CTX_DAG_RUN_ID='manual__2025-12-12T12:25:26.884977+00:00'
[2025-12-12T12:25:54.397+0000] {taskinstance.py:430} INFO - ::endgroup::
[2025-12-12T12:25:54.438+0000] {base.py:84} INFO - Using connection ID '***_postgres' for task execution.
[2025-12-12T12:25:54.444+0000] {logging_mixin.py:188} INFO - Generando datos para trips_raw...
[2025-12-12T12:25:54.456+0000] {logging_mixin.py:188} INFO - Datos insertados en trips_raw.
[2025-12-12T12:25:54.457+0000] {python.py:237} INFO - Done. Returned value was: None
[2025-12-12T12:25:54.458+0000] {taskinstance.py:441} INFO - ::group::Post task execution logs
[2025-12-12T12:25:54.471+0000] {taskinstance.py:1206} INFO - Marking task as SUCCESS. dag_id=***_pipeline, task_id=extract_trips, run_id=manual__2025-12-12T12:25:26.884977+00:00, execution_date=20251212T122526, start_date=20251212T122554, end_date=20251212T122554
[2025-12-12T12:25:54.524+0000] {local_task_job_runner.py:240} INFO - Task exited with return code 0
[2025-12-12T12:25:54.556+0000] {taskinstance.py:3498} INFO - 1 downstream tasks scheduled from follow-on schedule check
[2025-12-12T12:25:54.560+0000] {local_task_job_runner.py:222} INFO - ::endgroup::
