[2025-12-12T11:14:35.075+0000] {local_task_job_runner.py:120} INFO - ::group::Pre task execution logs
[2025-12-12T11:14:35.122+0000] {taskinstance.py:2076} INFO - Dependencies all met for dep_context=non-requeueable deps ti=<TaskInstance: mobility_pipeline.extract_trips manual__2025-12-12T11:14:30.863728+00:00 [queued]>
[2025-12-12T11:14:35.135+0000] {taskinstance.py:2076} INFO - Dependencies all met for dep_context=requeueable deps ti=<TaskInstance: mobility_pipeline.extract_trips manual__2025-12-12T11:14:30.863728+00:00 [queued]>
[2025-12-12T11:14:35.137+0000] {taskinstance.py:2306} INFO - Starting attempt 1 of 1
[2025-12-12T11:14:35.156+0000] {taskinstance.py:2330} INFO - Executing <Task(PythonOperator): extract_trips> on 2025-12-12 11:14:30.863728+00:00
[2025-12-12T11:14:35.165+0000] {standard_task_runner.py:90} INFO - Running: ['***', 'tasks', 'run', 'mobility_pipeline', 'extract_trips', 'manual__2025-12-12T11:14:30.863728+00:00', '--job-id', '3', '--raw', '--subdir', 'DAGS_FOLDER/mobility_pipeline_dag.py', '--cfg-path', '/tmp/tmpnyokvprh']
[2025-12-12T11:14:35.169+0000] {standard_task_runner.py:91} INFO - Job 3: Subtask extract_trips
[2025-12-12T11:14:35.169+0000] {logging_mixin.py:188} WARNING - /home/***/.local/lib/python3.12/site-packages/***/task/task_runner/standard_task_runner.py:61 DeprecationWarning: This process (pid=211) is multi-threaded, use of fork() may lead to deadlocks in the child.
[2025-12-12T11:14:35.171+0000] {standard_task_runner.py:63} INFO - Started process 212 to run task
[2025-12-12T11:14:35.280+0000] {task_command.py:426} INFO - Running <TaskInstance: mobility_pipeline.extract_trips manual__2025-12-12T11:14:30.863728+00:00 [running]> on host 391b7a4a8a58
[2025-12-12T11:14:35.377+0000] {taskinstance.py:2648} INFO - Exporting env vars: AIRFLOW_CTX_DAG_OWNER='***' AIRFLOW_CTX_DAG_ID='mobility_pipeline' AIRFLOW_CTX_TASK_ID='extract_trips' AIRFLOW_CTX_EXECUTION_DATE='2025-12-12T11:14:30.863728+00:00' AIRFLOW_CTX_TRY_NUMBER='1' AIRFLOW_CTX_DAG_RUN_ID='manual__2025-12-12T11:14:30.863728+00:00'
[2025-12-12T11:14:35.379+0000] {taskinstance.py:430} INFO - ::endgroup::
[2025-12-12T11:14:35.445+0000] {base.py:84} INFO - Using connection ID '***_postgres' for task execution.
[2025-12-12T11:14:35.456+0000] {logging_mixin.py:188} INFO - Generando datos para trips_raw...
[2025-12-12T11:14:35.489+0000] {logging_mixin.py:188} INFO - Datos insertados en trips_raw.
[2025-12-12T11:14:35.490+0000] {python.py:237} INFO - Done. Returned value was: None
[2025-12-12T11:14:35.491+0000] {taskinstance.py:441} INFO - ::group::Post task execution logs
[2025-12-12T11:14:35.509+0000] {taskinstance.py:1206} INFO - Marking task as SUCCESS. dag_id=***_pipeline, task_id=extract_trips, run_id=manual__2025-12-12T11:14:30.863728+00:00, execution_date=20251212T111430, start_date=20251212T111435, end_date=20251212T111435
[2025-12-12T11:14:35.555+0000] {local_task_job_runner.py:240} INFO - Task exited with return code 0
[2025-12-12T11:14:35.588+0000] {taskinstance.py:3498} INFO - 1 downstream tasks scheduled from follow-on schedule check
[2025-12-12T11:14:35.592+0000] {local_task_job_runner.py:222} INFO - ::endgroup::
