[2025-12-12T12:10:53.500+0000] {local_task_job_runner.py:120} INFO - ::group::Pre task execution logs
[2025-12-12T12:10:53.564+0000] {taskinstance.py:2076} INFO - Dependencies all met for dep_context=non-requeueable deps ti=<TaskInstance: mobility_pipeline.extract_traffic manual__2025-12-12T12:07:53.700254+00:00 [queued]>
[2025-12-12T12:10:53.653+0000] {taskinstance.py:2076} INFO - Dependencies all met for dep_context=requeueable deps ti=<TaskInstance: mobility_pipeline.extract_traffic manual__2025-12-12T12:07:53.700254+00:00 [queued]>
[2025-12-12T12:10:53.654+0000] {taskinstance.py:2306} INFO - Starting attempt 1 of 1
[2025-12-12T12:10:53.682+0000] {taskinstance.py:2330} INFO - Executing <Task(PythonOperator): extract_traffic> on 2025-12-12 12:07:53.700254+00:00
[2025-12-12T12:10:53.738+0000] {standard_task_runner.py:90} INFO - Running: ['***', 'tasks', 'run', 'mobility_pipeline', 'extract_traffic', 'manual__2025-12-12T12:07:53.700254+00:00', '--job-id', '12', '--raw', '--subdir', 'DAGS_FOLDER/mobility_pipeline_dag.py', '--cfg-path', '/tmp/tmpax3_u9fj']
[2025-12-12T12:10:53.744+0000] {standard_task_runner.py:91} INFO - Job 12: Subtask extract_traffic
[2025-12-12T12:10:53.747+0000] {logging_mixin.py:188} WARNING - /home/***/.local/lib/python3.12/site-packages/***/task/task_runner/standard_task_runner.py:61 DeprecationWarning: This process (pid=234) is multi-threaded, use of fork() may lead to deadlocks in the child.
[2025-12-12T12:10:53.750+0000] {standard_task_runner.py:63} INFO - Started process 236 to run task
[2025-12-12T12:10:54.664+0000] {task_command.py:426} INFO - Running <TaskInstance: mobility_pipeline.extract_traffic manual__2025-12-12T12:07:53.700254+00:00 [running]> on host cf3c8a0617d2
[2025-12-12T12:10:55.078+0000] {taskinstance.py:2648} INFO - Exporting env vars: AIRFLOW_CTX_DAG_OWNER='***' AIRFLOW_CTX_DAG_ID='mobility_pipeline' AIRFLOW_CTX_TASK_ID='extract_traffic' AIRFLOW_CTX_EXECUTION_DATE='2025-12-12T12:07:53.700254+00:00' AIRFLOW_CTX_TRY_NUMBER='1' AIRFLOW_CTX_DAG_RUN_ID='manual__2025-12-12T12:07:53.700254+00:00'
[2025-12-12T12:10:55.081+0000] {taskinstance.py:430} INFO - ::endgroup::
[2025-12-12T12:10:55.212+0000] {base.py:84} INFO - Using connection ID '***_postgres' for task execution.
[2025-12-12T12:10:55.220+0000] {logging_mixin.py:188} INFO - Generando datos para traffic_counts_raw...
[2025-12-12T12:10:55.288+0000] {logging_mixin.py:188} INFO - Datos insertados en traffic_counts_raw.
[2025-12-12T12:10:55.290+0000] {python.py:237} INFO - Done. Returned value was: None
[2025-12-12T12:10:55.292+0000] {taskinstance.py:441} INFO - ::group::Post task execution logs
[2025-12-12T12:10:55.324+0000] {taskinstance.py:1206} INFO - Marking task as SUCCESS. dag_id=***_pipeline, task_id=extract_traffic, run_id=manual__2025-12-12T12:07:53.700254+00:00, execution_date=20251212T120753, start_date=20251212T121053, end_date=20251212T121055
[2025-12-12T12:10:55.378+0000] {local_task_job_runner.py:240} INFO - Task exited with return code 0
[2025-12-12T12:10:55.436+0000] {taskinstance.py:3498} INFO - 1 downstream tasks scheduled from follow-on schedule check
[2025-12-12T12:10:55.462+0000] {local_task_job_runner.py:222} INFO - ::endgroup::
