[2025-12-12T12:25:58.553+0000] {local_task_job_runner.py:120} INFO - ::group::Pre task execution logs
[2025-12-12T12:25:58.599+0000] {taskinstance.py:2076} INFO - Dependencies all met for dep_context=non-requeueable deps ti=<TaskInstance: mobility_pipeline.extract_weather manual__2025-12-12T12:25:26.884977+00:00 [queued]>
[2025-12-12T12:25:58.612+0000] {taskinstance.py:2076} INFO - Dependencies all met for dep_context=requeueable deps ti=<TaskInstance: mobility_pipeline.extract_weather manual__2025-12-12T12:25:26.884977+00:00 [queued]>
[2025-12-12T12:25:58.613+0000] {taskinstance.py:2306} INFO - Starting attempt 1 of 1
[2025-12-12T12:25:58.633+0000] {taskinstance.py:2330} INFO - Executing <Task(PythonOperator): extract_weather> on 2025-12-12 12:25:26.884977+00:00
[2025-12-12T12:25:58.645+0000] {standard_task_runner.py:90} INFO - Running: ['***', 'tasks', 'run', 'mobility_pipeline', 'extract_weather', 'manual__2025-12-12T12:25:26.884977+00:00', '--job-id', '30', '--raw', '--subdir', 'DAGS_FOLDER/mobility_pipeline_dag.py', '--cfg-path', '/tmp/tmp3l0u159l']
[2025-12-12T12:25:58.649+0000] {standard_task_runner.py:91} INFO - Job 30: Subtask extract_weather
[2025-12-12T12:25:58.648+0000] {logging_mixin.py:188} WARNING - /home/***/.local/lib/python3.12/site-packages/***/task/task_runner/standard_task_runner.py:61 DeprecationWarning: This process (pid=410) is multi-threaded, use of fork() may lead to deadlocks in the child.
[2025-12-12T12:25:58.650+0000] {standard_task_runner.py:63} INFO - Started process 411 to run task
[2025-12-12T12:25:58.739+0000] {task_command.py:426} INFO - Running <TaskInstance: mobility_pipeline.extract_weather manual__2025-12-12T12:25:26.884977+00:00 [running]> on host cf3c8a0617d2
[2025-12-12T12:25:58.864+0000] {taskinstance.py:2648} INFO - Exporting env vars: AIRFLOW_CTX_DAG_OWNER='***' AIRFLOW_CTX_DAG_ID='mobility_pipeline' AIRFLOW_CTX_TASK_ID='extract_weather' AIRFLOW_CTX_EXECUTION_DATE='2025-12-12T12:25:26.884977+00:00' AIRFLOW_CTX_TRY_NUMBER='1' AIRFLOW_CTX_DAG_RUN_ID='manual__2025-12-12T12:25:26.884977+00:00'
[2025-12-12T12:25:58.866+0000] {taskinstance.py:430} INFO - ::endgroup::
[2025-12-12T12:25:58.884+0000] {logging_mixin.py:188} INFO - Llamando a API de Open-Meteo: https://api.open-meteo.com/v1/forecast?latitude=43.26&longitude=-2.93&hourly=temperature_2m,precipitation,wind_speed_10m&timezone=auto
[2025-12-12T12:25:59.286+0000] {base.py:84} INFO - Using connection ID '***_postgres' for task execution.
[2025-12-12T12:25:59.301+0000] {logging_mixin.py:188} INFO - Insertando datos en weather_raw...
[2025-12-12T12:25:59.315+0000] {logging_mixin.py:188} INFO - OK: Datos insertados en weather_raw desde API.
[2025-12-12T12:25:59.320+0000] {python.py:237} INFO - Done. Returned value was: None
[2025-12-12T12:25:59.322+0000] {taskinstance.py:441} INFO - ::group::Post task execution logs
[2025-12-12T12:25:59.337+0000] {taskinstance.py:1206} INFO - Marking task as SUCCESS. dag_id=***_pipeline, task_id=extract_weather, run_id=manual__2025-12-12T12:25:26.884977+00:00, execution_date=20251212T122526, start_date=20251212T122558, end_date=20251212T122559
[2025-12-12T12:25:59.397+0000] {local_task_job_runner.py:240} INFO - Task exited with return code 0
[2025-12-12T12:25:59.461+0000] {taskinstance.py:3498} INFO - 1 downstream tasks scheduled from follow-on schedule check
[2025-12-12T12:25:59.464+0000] {local_task_job_runner.py:222} INFO - ::endgroup::
