[2025-12-12T12:08:55.835+0000] {local_task_job_runner.py:120} INFO - ::group::Pre task execution logs
[2025-12-12T12:08:56.577+0000] {taskinstance.py:2076} INFO - Dependencies all met for dep_context=non-requeueable deps ti=<TaskInstance: mobility_pipeline.create_tables_dw manual__2025-12-12T12:07:53.700254+00:00 [queued]>
[2025-12-12T12:08:56.656+0000] {taskinstance.py:2076} INFO - Dependencies all met for dep_context=requeueable deps ti=<TaskInstance: mobility_pipeline.create_tables_dw manual__2025-12-12T12:07:53.700254+00:00 [queued]>
[2025-12-12T12:08:56.658+0000] {taskinstance.py:2306} INFO - Starting attempt 1 of 1
[2025-12-12T12:08:56.701+0000] {taskinstance.py:2330} INFO - Executing <Task(PostgresOperator): create_tables_dw> on 2025-12-12 12:07:53.700254+00:00
[2025-12-12T12:08:56.737+0000] {standard_task_runner.py:90} INFO - Running: ['***', 'tasks', 'run', 'mobility_pipeline', 'create_tables_dw', 'manual__2025-12-12T12:07:53.700254+00:00', '--job-id', '9', '--raw', '--subdir', 'DAGS_FOLDER/mobility_pipeline_dag.py', '--cfg-path', '/tmp/tmpnj8bs66s']
[2025-12-12T12:08:56.745+0000] {standard_task_runner.py:91} INFO - Job 9: Subtask create_tables_dw
[2025-12-12T12:08:56.749+0000] {logging_mixin.py:188} WARNING - /home/***/.local/lib/python3.12/site-packages/***/task/task_runner/standard_task_runner.py:61 DeprecationWarning: This process (pid=213) is multi-threaded, use of fork() may lead to deadlocks in the child.
[2025-12-12T12:08:56.751+0000] {standard_task_runner.py:63} INFO - Started process 219 to run task
[2025-12-12T12:08:58.555+0000] {task_command.py:426} INFO - Running <TaskInstance: mobility_pipeline.create_tables_dw manual__2025-12-12T12:07:53.700254+00:00 [running]> on host cf3c8a0617d2
[2025-12-12T12:08:58.904+0000] {taskinstance.py:2648} INFO - Exporting env vars: AIRFLOW_CTX_DAG_OWNER='***' AIRFLOW_CTX_DAG_ID='mobility_pipeline' AIRFLOW_CTX_TASK_ID='create_tables_dw' AIRFLOW_CTX_EXECUTION_DATE='2025-12-12T12:07:53.700254+00:00' AIRFLOW_CTX_TRY_NUMBER='1' AIRFLOW_CTX_DAG_RUN_ID='manual__2025-12-12T12:07:53.700254+00:00'
[2025-12-12T12:08:58.917+0000] {taskinstance.py:430} INFO - ::endgroup::
[2025-12-12T12:08:59.602+0000] {sql.py:276} INFO - Executing: -- =========================
-- Tablas RAW / STAGING
-- =========================

CREATE TABLE IF NOT EXISTS trips_raw (
    trip_id         SERIAL PRIMARY KEY,
    trip_date       DATE        NOT NULL,
    trip_start_time TIME        NOT NULL,
    origin_zone     VARCHAR(100) NOT NULL,
    dest_zone       VARCHAR(100) NOT NULL,
    transport_mode  VARCHAR(50)  NOT NULL,
    distance_km     NUMERIC(6,2) NOT NULL,
    duration_min    INTEGER      NOT NULL
);

CREATE TABLE IF NOT EXISTS traffic_counts_raw (
    traffic_id        SERIAL PRIMARY KEY,
    date              DATE         NOT NULL,
    zone              VARCHAR(100) NOT NULL,
    vehicles_count    INTEGER      NOT NULL,
    bikes_count       INTEGER      NOT NULL,
    pedestrians_count INTEGER      NOT NULL
);

CREATE TABLE IF NOT EXISTS weather_raw (
    weather_id     SERIAL PRIMARY KEY,
    date           DATE         NOT NULL,
    zone           VARCHAR(100) NOT NULL,
    temp_avg_c     NUMERIC(4,1),
    rain_mm        NUMERIC(6,2),
    wind_speed_kmh NUMERIC(6,2),
    raw_payload    JSONB        NOT NULL
);

CREATE TABLE IF NOT EXISTS incidents_raw (
    incident_id   SERIAL PRIMARY KEY,
    source_id     VARCHAR(100) NOT NULL,
    date          DATE         NOT NULL,
    zone          VARCHAR(100) NOT NULL,
    incident_type VARCHAR(100) NOT NULL,
    severity      VARCHAR(20)  NOT NULL,
    description   TEXT
);

-- =========================
-- Dimensiones
-- =========================

CREATE TABLE IF NOT EXISTS dim_date (
    date_key      INTEGER PRIMARY KEY,  -- ejemplo: 20250115
    date          DATE    NOT NULL UNIQUE,
    year          INTEGER NOT NULL,
    month         INTEGER NOT NULL,
    day           INTEGER NOT NULL,
    month_name    VARCHAR(20),
    weekday_name  VARCHAR(20),
    week_of_year  INTEGER
);

CREATE TABLE IF NOT EXISTS dim_zone (
    zone_key   SERIAL PRIMARY KEY,
    zone_name  VARCHAR(100) NOT NULL UNIQUE,
    city       VARCHAR(100),
    latitude   NUMERIC(9,6),
    longitude  NUMERIC(9,6)
);

CREATE TABLE IF NOT EXISTS dim_transport_mode (
    mode_key   SERIAL PRIMARY KEY,
    mode_name  VARCHAR(50) NOT NULL UNIQUE
);

-- =========================
-- Tabla de hechos
-- =========================

CREATE TABLE IF NOT EXISTS fact_mobility_daily (
    fact_id                SERIAL PRIMARY KEY,
    date_key               INTEGER NOT NULL REFERENCES dim_date(date_key),
    zone_key               INTEGER NOT NULL REFERENCES dim_zone(zone_key),
    mode_key               INTEGER NOT NULL REFERENCES dim_transport_mode(mode_key),

    trips_count            INTEGER,
    avg_trip_duration_min  NUMERIC(6,2),
    avg_distance_km        NUMERIC(6,2),

    vehicles_count         INTEGER,
    bikes_count            INTEGER,
    pedestrians_count      INTEGER,

    incidents_count        INTEGER,

    avg_temp_c             NUMERIC(4,1),
    rain_mm                NUMERIC(6,2),
    wind_speed_kmh         NUMERIC(6,2),

    CONSTRAINT uq_fact_mobility_daily UNIQUE (date_key, zone_key, mode_key)
);
[2025-12-12T12:09:12.276+0000] {base.py:84} INFO - Using connection ID '***_postgres' for task execution.
[2025-12-12T12:09:15.240+0000] {base.py:84} INFO - Using connection ID '***_postgres' for task execution.
[2025-12-12T12:09:16.700+0000] {sql.py:470} INFO - Running statement: -- =========================
-- Tablas RAW / STAGING
-- =========================

CREATE TABLE IF NOT EXISTS trips_raw (
    trip_id         SERIAL PRIMARY KEY,
    trip_date       DATE        NOT NULL,
    trip_start_time TIME        NOT NULL,
    origin_zone     VARCHAR(100) NOT NULL,
    dest_zone       VARCHAR(100) NOT NULL,
    transport_mode  VARCHAR(50)  NOT NULL,
    distance_km     NUMERIC(6,2) NOT NULL,
    duration_min    INTEGER      NOT NULL
);

CREATE TABLE IF NOT EXISTS traffic_counts_raw (
    traffic_id        SERIAL PRIMARY KEY,
    date              DATE         NOT NULL,
    zone              VARCHAR(100) NOT NULL,
    vehicles_count    INTEGER      NOT NULL,
    bikes_count       INTEGER      NOT NULL,
    pedestrians_count INTEGER      NOT NULL
);

CREATE TABLE IF NOT EXISTS weather_raw (
    weather_id     SERIAL PRIMARY KEY,
    date           DATE         NOT NULL,
    zone           VARCHAR(100) NOT NULL,
    temp_avg_c     NUMERIC(4,1),
    rain_mm        NUMERIC(6,2),
    wind_speed_kmh NUMERIC(6,2),
    raw_payload    JSONB        NOT NULL
);

CREATE TABLE IF NOT EXISTS incidents_raw (
    incident_id   SERIAL PRIMARY KEY,
    source_id     VARCHAR(100) NOT NULL,
    date          DATE         NOT NULL,
    zone          VARCHAR(100) NOT NULL,
    incident_type VARCHAR(100) NOT NULL,
    severity      VARCHAR(20)  NOT NULL,
    description   TEXT
);

-- =========================
-- Dimensiones
-- =========================

CREATE TABLE IF NOT EXISTS dim_date (
    date_key      INTEGER PRIMARY KEY,  -- ejemplo: 20250115
    date          DATE    NOT NULL UNIQUE,
    year          INTEGER NOT NULL,
    month         INTEGER NOT NULL,
    day           INTEGER NOT NULL,
    month_name    VARCHAR(20),
    weekday_name  VARCHAR(20),
    week_of_year  INTEGER
);

CREATE TABLE IF NOT EXISTS dim_zone (
    zone_key   SERIAL PRIMARY KEY,
    zone_name  VARCHAR(100) NOT NULL UNIQUE,
    city       VARCHAR(100),
    latitude   NUMERIC(9,6),
    longitude  NUMERIC(9,6)
);

CREATE TABLE IF NOT EXISTS dim_transport_mode (
    mode_key   SERIAL PRIMARY KEY,
    mode_name  VARCHAR(50) NOT NULL UNIQUE
);

-- =========================
-- Tabla de hechos
-- =========================

CREATE TABLE IF NOT EXISTS fact_***_daily (
    fact_id                SERIAL PRIMARY KEY,
    date_key               INTEGER NOT NULL REFERENCES dim_date(date_key),
    zone_key               INTEGER NOT NULL REFERENCES dim_zone(zone_key),
    mode_key               INTEGER NOT NULL REFERENCES dim_transport_mode(mode_key),

    trips_count            INTEGER,
    avg_trip_duration_min  NUMERIC(6,2),
    avg_distance_km        NUMERIC(6,2),

    vehicles_count         INTEGER,
    bikes_count            INTEGER,
    pedestrians_count      INTEGER,

    incidents_count        INTEGER,

    avg_temp_c             NUMERIC(4,1),
    rain_mm                NUMERIC(6,2),
    wind_speed_kmh         NUMERIC(6,2),

    CONSTRAINT uq_fact_***_daily UNIQUE (date_key, zone_key, mode_key)
);, parameters: None
[2025-12-12T12:09:19.753+0000] {taskinstance.py:441} INFO - ::group::Post task execution logs
[2025-12-12T12:09:25.916+0000] {taskinstance.py:1206} INFO - Marking task as SUCCESS. dag_id=***_pipeline, task_id=create_tables_dw, run_id=manual__2025-12-12T12:07:53.700254+00:00, execution_date=20251212T120753, start_date=20251212T120856, end_date=20251212T120925
[2025-12-12T12:09:27.856+0000] {local_task_job_runner.py:240} INFO - Task exited with return code 0
[2025-12-12T12:09:28.072+0000] {logging_mixin.py:188} WARNING - /home/***/.local/lib/python3.12/site-packages/***/models/baseoperator.py:1296 AirflowProviderDeprecationWarning: Call to deprecated class PostgresOperator. (Please use `***.providers.common.sql.operators.sql.SQLExecuteQueryOperator`.Also, you can provide `hook_params={'schema': <database>}`.)
[2025-12-12T12:09:28.310+0000] {taskinstance.py:3498} INFO - 0 downstream tasks scheduled from follow-on schedule check
[2025-12-12T12:09:28.418+0000] {local_task_job_runner.py:222} INFO - ::endgroup::
