[2025-12-12T12:11:31.708+0000] {local_task_job_runner.py:120} INFO - ::group::Pre task execution logs
[2025-12-12T12:11:31.813+0000] {taskinstance.py:2076} INFO - Dependencies all met for dep_context=non-requeueable deps ti=<TaskInstance: mobility_pipeline.extract_incidents manual__2025-12-12T12:07:53.700254+00:00 [queued]>
[2025-12-12T12:11:31.829+0000] {taskinstance.py:2076} INFO - Dependencies all met for dep_context=requeueable deps ti=<TaskInstance: mobility_pipeline.extract_incidents manual__2025-12-12T12:07:53.700254+00:00 [queued]>
[2025-12-12T12:11:31.834+0000] {taskinstance.py:2306} INFO - Starting attempt 2 of 2
[2025-12-12T12:11:31.858+0000] {taskinstance.py:2330} INFO - Executing <Task(PythonOperator): extract_incidents> on 2025-12-12 12:07:53.700254+00:00
[2025-12-12T12:11:31.868+0000] {standard_task_runner.py:90} INFO - Running: ['***', 'tasks', 'run', 'mobility_pipeline', 'extract_incidents', 'manual__2025-12-12T12:07:53.700254+00:00', '--job-id', '19', '--raw', '--subdir', 'DAGS_FOLDER/mobility_pipeline_dag.py', '--cfg-path', '/tmp/tmpv46cquhw']
[2025-12-12T12:11:31.872+0000] {standard_task_runner.py:91} INFO - Job 19: Subtask extract_incidents
[2025-12-12T12:11:31.871+0000] {logging_mixin.py:188} WARNING - /home/***/.local/lib/python3.12/site-packages/***/task/task_runner/standard_task_runner.py:61 DeprecationWarning: This process (pid=253) is multi-threaded, use of fork() may lead to deadlocks in the child.
[2025-12-12T12:11:31.873+0000] {standard_task_runner.py:63} INFO - Started process 254 to run task
[2025-12-12T12:11:32.026+0000] {task_command.py:426} INFO - Running <TaskInstance: mobility_pipeline.extract_incidents manual__2025-12-12T12:07:53.700254+00:00 [running]> on host cf3c8a0617d2
[2025-12-12T12:11:32.161+0000] {taskinstance.py:2648} INFO - Exporting env vars: AIRFLOW_CTX_DAG_OWNER='***' AIRFLOW_CTX_DAG_ID='mobility_pipeline' AIRFLOW_CTX_TASK_ID='extract_incidents' AIRFLOW_CTX_EXECUTION_DATE='2025-12-12T12:07:53.700254+00:00' AIRFLOW_CTX_TRY_NUMBER='2' AIRFLOW_CTX_DAG_RUN_ID='manual__2025-12-12T12:07:53.700254+00:00'
[2025-12-12T12:11:32.163+0000] {taskinstance.py:430} INFO - ::endgroup::
[2025-12-12T12:11:32.217+0000] {base.py:84} INFO - Using connection ID '***_postgres' for task execution.
[2025-12-12T12:11:32.226+0000] {taskinstance.py:441} INFO - ::group::Post task execution logs
[2025-12-12T12:11:32.227+0000] {taskinstance.py:2905} ERROR - Task failed with exception
Traceback (most recent call last):
  File "/home/airflow/.local/lib/python3.12/site-packages/airflow/models/taskinstance.py", line 465, in _execute_task
    result = _execute_callable(context=context, **execute_callable_kwargs)
             ^^^^^^^^^^^^^^^^^^^^^^^^^^^^^^^^^^^^^^^^^^^^^^^^^^^^^^^^^^^^^
  File "/home/airflow/.local/lib/python3.12/site-packages/airflow/models/taskinstance.py", line 432, in _execute_callable
    return execute_callable(context=context, **execute_callable_kwargs)
           ^^^^^^^^^^^^^^^^^^^^^^^^^^^^^^^^^^^^^^^^^^^^^^^^^^^^^^^^^^^^
  File "/home/airflow/.local/lib/python3.12/site-packages/airflow/models/baseoperator.py", line 400, in wrapper
    return func(self, *args, **kwargs)
           ^^^^^^^^^^^^^^^^^^^^^^^^^^^
  File "/home/airflow/.local/lib/python3.12/site-packages/airflow/operators/python.py", line 235, in execute
    return_value = self.execute_callable()
                   ^^^^^^^^^^^^^^^^^^^^^^^
  File "/home/airflow/.local/lib/python3.12/site-packages/airflow/operators/python.py", line 252, in execute_callable
    return self.python_callable(*self.op_args, **self.op_kwargs)
           ^^^^^^^^^^^^^^^^^^^^^^^^^^^^^^^^^^^^^^^^^^^^^^^^^^^^^
  File "/opt/airflow/src/generate_incidents.py", line 40, in generate_incidents
    cur.execute("DELETE FROM incidents_raw WHERE incident_id = %s", (incident_id,))
psycopg2.errors.InvalidTextRepresentation: invalid input syntax for type integer: "INC-001"
LINE 1: DELETE FROM incidents_raw WHERE incident_id = 'INC-001'
                                                      ^

[2025-12-12T12:11:32.244+0000] {taskinstance.py:1206} INFO - Marking task as FAILED. dag_id=***_pipeline, task_id=extract_incidents, run_id=manual__2025-12-12T12:07:53.700254+00:00, execution_date=20251212T120753, start_date=20251212T121131, end_date=20251212T121132
[2025-12-12T12:11:32.260+0000] {standard_task_runner.py:110} ERROR - Failed to execute job 19 for task extract_incidents (invalid input syntax for type integer: "INC-001"
LINE 1: DELETE FROM incidents_raw WHERE incident_id = 'INC-001'
                                                      ^
; 254)
[2025-12-12T12:11:32.299+0000] {local_task_job_runner.py:240} INFO - Task exited with return code 1
[2025-12-12T12:11:32.328+0000] {taskinstance.py:3498} INFO - 0 downstream tasks scheduled from follow-on schedule check
[2025-12-12T12:11:32.334+0000] {local_task_job_runner.py:222} INFO - ::endgroup::
