[2025-12-12T13:56:44.162+0000] {local_task_job_runner.py:120} INFO - ::group::Pre task execution logs
[2025-12-12T13:56:44.201+0000] {taskinstance.py:2076} INFO - Dependencies all met for dep_context=non-requeueable deps ti=<TaskInstance: mobility_pipeline.extract_traffic manual__2025-12-12T13:56:37.990431+00:00 [queued]>
[2025-12-12T13:56:44.214+0000] {taskinstance.py:2076} INFO - Dependencies all met for dep_context=requeueable deps ti=<TaskInstance: mobility_pipeline.extract_traffic manual__2025-12-12T13:56:37.990431+00:00 [queued]>
[2025-12-12T13:56:44.215+0000] {taskinstance.py:2306} INFO - Starting attempt 1 of 1
[2025-12-12T13:56:44.235+0000] {taskinstance.py:2330} INFO - Executing <Task(PythonOperator): extract_traffic> on 2025-12-12 13:56:37.990431+00:00
[2025-12-12T13:56:44.417+0000] {standard_task_runner.py:90} INFO - Running: ['***', 'tasks', 'run', 'mobility_pipeline', 'extract_traffic', 'manual__2025-12-12T13:56:37.990431+00:00', '--job-id', '63', '--raw', '--subdir', 'DAGS_FOLDER/mobility_pipeline_dag.py', '--cfg-path', '/tmp/tmpxvan3laq']
[2025-12-12T13:56:44.420+0000] {logging_mixin.py:188} WARNING - /home/***/.local/lib/python3.12/site-packages/***/task/task_runner/standard_task_runner.py:61 DeprecationWarning: This process (pid=196) is multi-threaded, use of fork() may lead to deadlocks in the child.
[2025-12-12T13:56:44.421+0000] {standard_task_runner.py:91} INFO - Job 63: Subtask extract_traffic
[2025-12-12T13:56:44.422+0000] {standard_task_runner.py:63} INFO - Started process 197 to run task
[2025-12-12T13:56:44.501+0000] {task_command.py:426} INFO - Running <TaskInstance: mobility_pipeline.extract_traffic manual__2025-12-12T13:56:37.990431+00:00 [running]> on host cf3c8a0617d2
[2025-12-12T13:56:44.638+0000] {taskinstance.py:2648} INFO - Exporting env vars: AIRFLOW_CTX_DAG_OWNER='***' AIRFLOW_CTX_DAG_ID='mobility_pipeline' AIRFLOW_CTX_TASK_ID='extract_traffic' AIRFLOW_CTX_EXECUTION_DATE='2025-12-12T13:56:37.990431+00:00' AIRFLOW_CTX_TRY_NUMBER='1' AIRFLOW_CTX_DAG_RUN_ID='manual__2025-12-12T13:56:37.990431+00:00'
[2025-12-12T13:56:44.640+0000] {taskinstance.py:430} INFO - ::endgroup::
[2025-12-12T13:56:44.882+0000] {base.py:84} INFO - Using connection ID '***_postgres' for task execution.
[2025-12-12T13:56:45.022+0000] {logging_mixin.py:188} INFO - Generando datos para traffic_counts_raw...
[2025-12-12T13:56:45.028+0000] {logging_mixin.py:188} INFO - Datos insertados en traffic_counts_raw.
[2025-12-12T13:56:45.028+0000] {python.py:237} INFO - Done. Returned value was: None
[2025-12-12T13:56:45.030+0000] {taskinstance.py:441} INFO - ::group::Post task execution logs
[2025-12-12T13:56:45.049+0000] {taskinstance.py:1206} INFO - Marking task as SUCCESS. dag_id=***_pipeline, task_id=extract_traffic, run_id=manual__2025-12-12T13:56:37.990431+00:00, execution_date=20251212T135637, start_date=20251212T135644, end_date=20251212T135645
[2025-12-12T13:56:45.135+0000] {local_task_job_runner.py:240} INFO - Task exited with return code 0
[2025-12-12T13:56:45.171+0000] {taskinstance.py:3498} INFO - 1 downstream tasks scheduled from follow-on schedule check
[2025-12-12T13:56:45.174+0000] {local_task_job_runner.py:222} INFO - ::endgroup::
