[2025-12-11T12:48:47.383+0000] {local_task_job_runner.py:120} INFO - ::group::Pre task execution logs
[2025-12-11T12:48:47.421+0000] {taskinstance.py:2076} INFO - Dependencies all met for dep_context=non-requeueable deps ti=<TaskInstance: mobility_pipeline.extract_traffic manual__2025-12-11T12:48:41.593469+00:00 [queued]>
[2025-12-11T12:48:47.434+0000] {taskinstance.py:2076} INFO - Dependencies all met for dep_context=requeueable deps ti=<TaskInstance: mobility_pipeline.extract_traffic manual__2025-12-11T12:48:41.593469+00:00 [queued]>
[2025-12-11T12:48:47.436+0000] {taskinstance.py:2306} INFO - Starting attempt 1 of 1
[2025-12-11T12:48:47.453+0000] {taskinstance.py:2330} INFO - Executing <Task(PythonOperator): extract_traffic> on 2025-12-11 12:48:41.593469+00:00
[2025-12-11T12:48:47.463+0000] {standard_task_runner.py:90} INFO - Running: ['***', 'tasks', 'run', 'mobility_pipeline', 'extract_traffic', 'manual__2025-12-11T12:48:41.593469+00:00', '--job-id', '29', '--raw', '--subdir', 'DAGS_FOLDER/mobility_pipeline_dag.py', '--cfg-path', '/tmp/tmpm_al_giv']
[2025-12-11T12:48:47.468+0000] {standard_task_runner.py:91} INFO - Job 29: Subtask extract_traffic
[2025-12-11T12:48:47.468+0000] {logging_mixin.py:188} WARNING - /home/***/.local/lib/python3.12/site-packages/***/task/task_runner/standard_task_runner.py:61 DeprecationWarning: This process (pid=901) is multi-threaded, use of fork() may lead to deadlocks in the child.
[2025-12-11T12:48:47.469+0000] {standard_task_runner.py:63} INFO - Started process 902 to run task
[2025-12-11T12:48:47.563+0000] {task_command.py:426} INFO - Running <TaskInstance: mobility_pipeline.extract_traffic manual__2025-12-11T12:48:41.593469+00:00 [running]> on host 7002867047c1
[2025-12-11T12:48:47.674+0000] {taskinstance.py:2648} INFO - Exporting env vars: AIRFLOW_CTX_DAG_OWNER='***' AIRFLOW_CTX_DAG_ID='mobility_pipeline' AIRFLOW_CTX_TASK_ID='extract_traffic' AIRFLOW_CTX_EXECUTION_DATE='2025-12-11T12:48:41.593469+00:00' AIRFLOW_CTX_TRY_NUMBER='1' AIRFLOW_CTX_DAG_RUN_ID='manual__2025-12-11T12:48:41.593469+00:00'
[2025-12-11T12:48:47.676+0000] {taskinstance.py:430} INFO - ::endgroup::
[2025-12-11T12:48:47.717+0000] {base.py:84} INFO - Using connection ID '***_postgres' for task execution.
[2025-12-11T12:48:47.723+0000] {logging_mixin.py:188} INFO - Generando datos para traffic_counts_raw...
[2025-12-11T12:48:47.729+0000] {logging_mixin.py:188} INFO - Datos insertados en traffic_counts_raw.
[2025-12-11T12:48:47.732+0000] {python.py:237} INFO - Done. Returned value was: None
[2025-12-11T12:48:47.733+0000] {taskinstance.py:441} INFO - ::group::Post task execution logs
[2025-12-11T12:48:47.744+0000] {taskinstance.py:1206} INFO - Marking task as SUCCESS. dag_id=***_pipeline, task_id=extract_traffic, run_id=manual__2025-12-11T12:48:41.593469+00:00, execution_date=20251211T124841, start_date=20251211T124847, end_date=20251211T124847
[2025-12-11T12:48:47.767+0000] {local_task_job_runner.py:240} INFO - Task exited with return code 0
[2025-12-11T12:48:47.797+0000] {taskinstance.py:3498} INFO - 1 downstream tasks scheduled from follow-on schedule check
[2025-12-11T12:48:47.800+0000] {local_task_job_runner.py:222} INFO - ::endgroup::
