[2025-12-12T14:18:46.846+0000] {local_task_job_runner.py:120} INFO - ::group::Pre task execution logs
[2025-12-12T14:18:46.923+0000] {taskinstance.py:2076} INFO - Dependencies all met for dep_context=non-requeueable deps ti=<TaskInstance: mobility_pipeline.extract_incidents manual__2025-12-12T14:18:32.620552+00:00 [queued]>
[2025-12-12T14:18:46.936+0000] {taskinstance.py:2076} INFO - Dependencies all met for dep_context=requeueable deps ti=<TaskInstance: mobility_pipeline.extract_incidents manual__2025-12-12T14:18:32.620552+00:00 [queued]>
[2025-12-12T14:18:46.937+0000] {taskinstance.py:2306} INFO - Starting attempt 1 of 1
[2025-12-12T14:18:46.954+0000] {taskinstance.py:2330} INFO - Executing <Task(PythonOperator): extract_incidents> on 2025-12-12 14:18:32.620552+00:00
[2025-12-12T14:18:47.005+0000] {standard_task_runner.py:90} INFO - Running: ['***', 'tasks', 'run', 'mobility_pipeline', 'extract_incidents', 'manual__2025-12-12T14:18:32.620552+00:00', '--job-id', '75', '--raw', '--subdir', 'DAGS_FOLDER/mobility_pipeline_dag.py', '--cfg-path', '/tmp/tmptvx806f3']
[2025-12-12T14:18:47.013+0000] {standard_task_runner.py:91} INFO - Job 75: Subtask extract_incidents
[2025-12-12T14:18:47.013+0000] {logging_mixin.py:188} WARNING - /home/***/.local/lib/python3.12/site-packages/***/task/task_runner/standard_task_runner.py:61 DeprecationWarning: This process (pid=246) is multi-threaded, use of fork() may lead to deadlocks in the child.
[2025-12-12T14:18:47.015+0000] {standard_task_runner.py:63} INFO - Started process 247 to run task
[2025-12-12T14:18:47.125+0000] {task_command.py:426} INFO - Running <TaskInstance: mobility_pipeline.extract_incidents manual__2025-12-12T14:18:32.620552+00:00 [running]> on host cf3c8a0617d2
[2025-12-12T14:18:47.275+0000] {taskinstance.py:2648} INFO - Exporting env vars: AIRFLOW_CTX_DAG_OWNER='***' AIRFLOW_CTX_DAG_ID='mobility_pipeline' AIRFLOW_CTX_TASK_ID='extract_incidents' AIRFLOW_CTX_EXECUTION_DATE='2025-12-12T14:18:32.620552+00:00' AIRFLOW_CTX_TRY_NUMBER='1' AIRFLOW_CTX_DAG_RUN_ID='manual__2025-12-12T14:18:32.620552+00:00'
[2025-12-12T14:18:47.276+0000] {taskinstance.py:430} INFO - ::endgroup::
[2025-12-12T14:18:47.353+0000] {base.py:84} INFO - Using connection ID '***_postgres' for task execution.
[2025-12-12T14:18:47.431+0000] {logging_mixin.py:188} INFO - OK: Insertadas 3 incidencias desde XML.
[2025-12-12T14:18:47.432+0000] {python.py:237} INFO - Done. Returned value was: None
[2025-12-12T14:18:47.433+0000] {taskinstance.py:441} INFO - ::group::Post task execution logs
[2025-12-12T14:18:47.444+0000] {taskinstance.py:1206} INFO - Marking task as SUCCESS. dag_id=***_pipeline, task_id=extract_incidents, run_id=manual__2025-12-12T14:18:32.620552+00:00, execution_date=20251212T141832, start_date=20251212T141846, end_date=20251212T141847
[2025-12-12T14:18:47.475+0000] {local_task_job_runner.py:240} INFO - Task exited with return code 0
[2025-12-12T14:18:47.503+0000] {taskinstance.py:3498} INFO - 1 downstream tasks scheduled from follow-on schedule check
[2025-12-12T14:18:47.506+0000] {local_task_job_runner.py:222} INFO - ::endgroup::
