[2025-12-11T12:57:47.616+0000] {local_task_job_runner.py:120} INFO - ::group::Pre task execution logs
[2025-12-11T12:57:47.670+0000] {taskinstance.py:2076} INFO - Dependencies all met for dep_context=non-requeueable deps ti=<TaskInstance: mobility_pipeline.extract_trips manual__2025-12-11T12:57:40.257620+00:00 [queued]>
[2025-12-11T12:57:47.686+0000] {taskinstance.py:2076} INFO - Dependencies all met for dep_context=requeueable deps ti=<TaskInstance: mobility_pipeline.extract_trips manual__2025-12-11T12:57:40.257620+00:00 [queued]>
[2025-12-11T12:57:47.688+0000] {taskinstance.py:2306} INFO - Starting attempt 1 of 1
[2025-12-11T12:57:47.710+0000] {taskinstance.py:2330} INFO - Executing <Task(PythonOperator): extract_trips> on 2025-12-11 12:57:40.257620+00:00
[2025-12-11T12:57:47.719+0000] {standard_task_runner.py:90} INFO - Running: ['***', 'tasks', 'run', 'mobility_pipeline', 'extract_trips', 'manual__2025-12-11T12:57:40.257620+00:00', '--job-id', '32', '--raw', '--subdir', 'DAGS_FOLDER/mobility_pipeline_dag.py', '--cfg-path', '/tmp/tmpwnmp_u3m']
[2025-12-11T12:57:47.724+0000] {standard_task_runner.py:91} INFO - Job 32: Subtask extract_trips
[2025-12-11T12:57:47.724+0000] {logging_mixin.py:188} WARNING - /home/***/.local/lib/python3.12/site-packages/***/task/task_runner/standard_task_runner.py:61 DeprecationWarning: This process (pid=997) is multi-threaded, use of fork() may lead to deadlocks in the child.
[2025-12-11T12:57:47.725+0000] {standard_task_runner.py:63} INFO - Started process 998 to run task
[2025-12-11T12:57:47.802+0000] {task_command.py:426} INFO - Running <TaskInstance: mobility_pipeline.extract_trips manual__2025-12-11T12:57:40.257620+00:00 [running]> on host 7002867047c1
[2025-12-11T12:57:47.912+0000] {taskinstance.py:2648} INFO - Exporting env vars: AIRFLOW_CTX_DAG_OWNER='***' AIRFLOW_CTX_DAG_ID='mobility_pipeline' AIRFLOW_CTX_TASK_ID='extract_trips' AIRFLOW_CTX_EXECUTION_DATE='2025-12-11T12:57:40.257620+00:00' AIRFLOW_CTX_TRY_NUMBER='1' AIRFLOW_CTX_DAG_RUN_ID='manual__2025-12-11T12:57:40.257620+00:00'
[2025-12-11T12:57:47.914+0000] {taskinstance.py:430} INFO - ::endgroup::
[2025-12-11T12:57:47.956+0000] {base.py:84} INFO - Using connection ID '***_postgres' for task execution.
[2025-12-11T12:57:47.964+0000] {logging_mixin.py:188} INFO - Generando datos para trips_raw...
[2025-12-11T12:57:48.036+0000] {logging_mixin.py:188} INFO - Datos insertados en trips_raw.
[2025-12-11T12:57:48.037+0000] {python.py:237} INFO - Done. Returned value was: None
[2025-12-11T12:57:48.038+0000] {taskinstance.py:441} INFO - ::group::Post task execution logs
[2025-12-11T12:57:48.052+0000] {taskinstance.py:1206} INFO - Marking task as SUCCESS. dag_id=***_pipeline, task_id=extract_trips, run_id=manual__2025-12-11T12:57:40.257620+00:00, execution_date=20251211T125740, start_date=20251211T125747, end_date=20251211T125748
[2025-12-11T12:57:48.109+0000] {local_task_job_runner.py:240} INFO - Task exited with return code 0
[2025-12-11T12:57:48.141+0000] {taskinstance.py:3498} INFO - 1 downstream tasks scheduled from follow-on schedule check
[2025-12-11T12:57:48.143+0000] {local_task_job_runner.py:222} INFO - ::endgroup::
