[2025-12-11T12:48:49.050+0000] {local_task_job_runner.py:120} INFO - ::group::Pre task execution logs
[2025-12-11T12:48:49.099+0000] {taskinstance.py:2076} INFO - Dependencies all met for dep_context=non-requeueable deps ti=<TaskInstance: mobility_pipeline.extract_weather manual__2025-12-11T12:48:41.593469+00:00 [queued]>
[2025-12-11T12:48:49.114+0000] {taskinstance.py:2076} INFO - Dependencies all met for dep_context=requeueable deps ti=<TaskInstance: mobility_pipeline.extract_weather manual__2025-12-11T12:48:41.593469+00:00 [queued]>
[2025-12-11T12:48:49.115+0000] {taskinstance.py:2306} INFO - Starting attempt 1 of 1
[2025-12-11T12:48:49.131+0000] {taskinstance.py:2330} INFO - Executing <Task(PythonOperator): extract_weather> on 2025-12-11 12:48:41.593469+00:00
[2025-12-11T12:48:49.140+0000] {standard_task_runner.py:90} INFO - Running: ['***', 'tasks', 'run', 'mobility_pipeline', 'extract_weather', 'manual__2025-12-11T12:48:41.593469+00:00', '--job-id', '30', '--raw', '--subdir', 'DAGS_FOLDER/mobility_pipeline_dag.py', '--cfg-path', '/tmp/tmp5za1xaz_']
[2025-12-11T12:48:49.145+0000] {standard_task_runner.py:91} INFO - Job 30: Subtask extract_weather
[2025-12-11T12:48:49.144+0000] {logging_mixin.py:188} WARNING - /home/***/.local/lib/python3.12/site-packages/***/task/task_runner/standard_task_runner.py:61 DeprecationWarning: This process (pid=903) is multi-threaded, use of fork() may lead to deadlocks in the child.
[2025-12-11T12:48:49.146+0000] {standard_task_runner.py:63} INFO - Started process 904 to run task
[2025-12-11T12:48:49.222+0000] {task_command.py:426} INFO - Running <TaskInstance: mobility_pipeline.extract_weather manual__2025-12-11T12:48:41.593469+00:00 [running]> on host 7002867047c1
[2025-12-11T12:48:49.343+0000] {taskinstance.py:2648} INFO - Exporting env vars: AIRFLOW_CTX_DAG_OWNER='***' AIRFLOW_CTX_DAG_ID='mobility_pipeline' AIRFLOW_CTX_TASK_ID='extract_weather' AIRFLOW_CTX_EXECUTION_DATE='2025-12-11T12:48:41.593469+00:00' AIRFLOW_CTX_TRY_NUMBER='1' AIRFLOW_CTX_DAG_RUN_ID='manual__2025-12-11T12:48:41.593469+00:00'
[2025-12-11T12:48:49.344+0000] {taskinstance.py:430} INFO - ::endgroup::
[2025-12-11T12:48:49.362+0000] {logging_mixin.py:188} INFO - Llamando a API de Open-Meteo: https://api.open-meteo.com/v1/forecast?latitude=43.26&longitude=-2.93&hourly=temperature_2m,precipitation,wind_speed_10m&timezone=auto
[2025-12-11T12:48:53.125+0000] {base.py:84} INFO - Using connection ID '***_postgres' for task execution.
[2025-12-11T12:48:53.142+0000] {logging_mixin.py:188} INFO - Insertando datos en weather_raw...
[2025-12-11T12:48:53.197+0000] {taskinstance.py:441} INFO - ::group::Post task execution logs
[2025-12-11T12:48:53.199+0000] {taskinstance.py:2905} ERROR - Task failed with exception
Traceback (most recent call last):
  File "/home/airflow/.local/lib/python3.12/site-packages/airflow/models/taskinstance.py", line 465, in _execute_task
    result = _execute_callable(context=context, **execute_callable_kwargs)
             ^^^^^^^^^^^^^^^^^^^^^^^^^^^^^^^^^^^^^^^^^^^^^^^^^^^^^^^^^^^^^
  File "/home/airflow/.local/lib/python3.12/site-packages/airflow/models/taskinstance.py", line 432, in _execute_callable
    return execute_callable(context=context, **execute_callable_kwargs)
           ^^^^^^^^^^^^^^^^^^^^^^^^^^^^^^^^^^^^^^^^^^^^^^^^^^^^^^^^^^^^
  File "/home/airflow/.local/lib/python3.12/site-packages/airflow/models/baseoperator.py", line 400, in wrapper
    return func(self, *args, **kwargs)
           ^^^^^^^^^^^^^^^^^^^^^^^^^^^
  File "/home/airflow/.local/lib/python3.12/site-packages/airflow/operators/python.py", line 235, in execute
    return_value = self.execute_callable()
                   ^^^^^^^^^^^^^^^^^^^^^^^
  File "/home/airflow/.local/lib/python3.12/site-packages/airflow/operators/python.py", line 252, in execute_callable
    return self.python_callable(*self.op_args, **self.op_kwargs)
           ^^^^^^^^^^^^^^^^^^^^^^^^^^^^^^^^^^^^^^^^^^^^^^^^^^^^^
  File "/opt/airflow/src/generate_weather.py", line 47, in generate_weather
    cur.execute("DELETE FROM weather_raw WHERE weather_date = %s", (today,))
psycopg2.errors.UndefinedColumn: column "weather_date" does not exist
LINE 1: DELETE FROM weather_raw WHERE weather_date = '2025-12-11'
                                      ^

[2025-12-11T12:48:53.330+0000] {taskinstance.py:1206} INFO - Marking task as FAILED. dag_id=***_pipeline, task_id=extract_weather, run_id=manual__2025-12-11T12:48:41.593469+00:00, execution_date=20251211T124841, start_date=20251211T124849, end_date=20251211T124853
[2025-12-11T12:48:53.399+0000] {standard_task_runner.py:110} ERROR - Failed to execute job 30 for task extract_weather (column "weather_date" does not exist
LINE 1: DELETE FROM weather_raw WHERE weather_date = '2025-12-11'
                                      ^
; 904)
[2025-12-11T12:48:53.431+0000] {local_task_job_runner.py:240} INFO - Task exited with return code 1
[2025-12-11T12:48:53.459+0000] {taskinstance.py:3498} INFO - 0 downstream tasks scheduled from follow-on schedule check
[2025-12-11T12:48:53.465+0000] {local_task_job_runner.py:222} INFO - ::endgroup::
